<?xml version="1.0" encoding="UTF-8"?>
<!-- Generated by org.testng.reporters.JUnitReportReporter -->
<testsuite hostname="LAPTOP-04PLRVB4" failures="0" tests="1" name="com.automation.tests.scripts.SalesforceProjectCreateOpty" time="16.193" errors="0" timestamp="2024-01-11T11:18:03 PST" skipped="0">
  <testcase classname="com.automation.tests.scripts.SalesforceProjectCreateOpty" name="SalesforceTestCase19" time="16.193"/>
  <system-out/>
</testsuite> <!-- com.automation.tests.scripts.SalesforceProjectCreateOpty -->
