<?xml version="1.0" encoding="UTF-8"?>
<!-- Generated by org.testng.reporters.JUnitReportReporter -->
<testsuite hostname="LAPTOP-04PLRVB4" failures="0" tests="1" name="com.automation.tests.scripts.SaleforceProjectLeads" time="14.815" errors="0" timestamp="2024-01-14T22:20:06 PST" skipped="0">
  <testcase classname="com.automation.tests.scripts.SaleforceProjectLeads" name="SalesforceTestCase24" time="14.815"/>
  <system-out/>
</testsuite> <!-- com.automation.tests.scripts.SaleforceProjectLeads -->
