<?xml version="1.0" encoding="UTF-8"?>
<!-- Generated by org.testng.reporters.JUnitReportReporter -->
<testsuite hostname="LAPTOP-04PLRVB4" failures="0" tests="1" name="com.automation.tests.scripts.SalesforceProjectContacts" time="11.951" errors="0" timestamp="2024-01-16T10:47:52 PST" skipped="0">
  <testcase classname="com.automation.tests.scripts.SalesforceProjectContacts" name="SalesforceTestCase32" time="11.951"/>
  <system-out/>
</testsuite> <!-- com.automation.tests.scripts.SalesforceProjectContacts -->
