<?xml version="1.0" encoding="UTF-8"?>
<!-- Generated by org.testng.reporters.JUnitReportReporter -->
<testsuite hostname="LAPTOP-04PLRVB4" failures="0" tests="1" name="com.automation.tests.scripts.SalesforceProjectLogin" time="5.025" errors="0" timestamp="2024-01-22T12:47:32 PST" skipped="0">
  <testcase classname="com.automation.tests.scripts.SalesforceProjectLogin" name="SalesforceTestCase1" time="5.025"/>
  <system-out/>
</testsuite> <!-- com.automation.tests.scripts.SalesforceProjectLogin -->
