<?xml version="1.0" encoding="UTF-8"?>
<!-- Generated by org.testng.reporters.JUnitReportReporter -->
<testsuite hostname="LAPTOP-04PLRVB4" failures="0" tests="8" name="com.automation.tests.scripts.SalesforceProjectContacts" time="146.969" errors="0" timestamp="2024-01-23T11:56:31 PST" skipped="0">
  <testcase classname="com.automation.tests.scripts.SalesforceProjectContacts" name="SalesforceTestCase28" time="12.469"/>
  <system-out/>
  <testcase classname="com.automation.tests.scripts.SalesforceProjectContacts" name="SalesforceTestCase31" time="17.971"/>
  <system-out/>
  <testcase classname="com.automation.tests.scripts.SalesforceProjectContacts" name="SalesforceTestCase32" time="24.065"/>
  <system-out/>
  <testcase classname="com.automation.tests.scripts.SalesforceProjectContacts" name="SalesforceTestCase30" time="21.982"/>
  <system-out/>
  <testcase classname="com.automation.tests.scripts.SalesforceProjectContacts" name="SalesforceTestCase27" time="19.112"/>
  <system-out/>
  <testcase classname="com.automation.tests.scripts.SalesforceProjectContacts" name="SalesforceTestCase29" time="18.603"/>
  <system-out/>
  <testcase classname="com.automation.tests.scripts.SalesforceProjectContacts" name="SalesforceTestCase26" time="14.593"/>
  <system-out/>
  <testcase classname="com.automation.tests.scripts.SalesforceProjectContacts" name="SalesforceTestCase25" time="18.174"/>
  <system-out/>
</testsuite> <!-- com.automation.tests.scripts.SalesforceProjectContacts -->
